This is pdfTeX, Version 3.14159265-2.6-1.40.21 (TeX Live 2020) (preloaded format=pdflatex 2020.5.8)  8 MAY 2020 16:11
entering extended mode
 restricted \write18 enabled.
 %&-line parsing enabled.
**gitbook-demo.tex
(./gitbook-demo.tex
LaTeX2e <2020-02-02> patch level 5
L3 programming layer <2020-05-05> (/Users/nicolesorhagen/Library/TinyTeX/texmf-
dist/tex/latex/base/book.cls
Document Class: book 2019/12/20 v1.4l Standard LaTeX document class
(/Users/nicolesorhagen/Library/TinyTeX/texmf-dist/tex/latex/base/bk10.clo
File: bk10.clo 2019/12/20 v1.4l Standard LaTeX file (size option)
)
\c@part=\count167
\c@chapter=\count168
\c@section=\count169
\c@subsection=\count170
\c@subsubsection=\count171
\c@paragraph=\count172
\c@subparagraph=\count173
\c@figure=\count174
\c@table=\count175
\abovecaptionskip=\skip47
\belowcaptionskip=\skip48
\bibindent=\dimen134
) (/Users/nicolesorhagen/Library/TinyTeX/texmf-dist/tex/latex/lm/lmodern.sty
Package: lmodern 2009/10/30 v1.6 Latin Modern Fonts
LaTeX Font Info:    Overwriting symbol font `operators' in version `normal'
(Font)                  OT1/cmr/m/n --> OT1/lmr/m/n on input line 22.
LaTeX Font Info:    Overwriting symbol font `letters' in version `normal'
(Font)                  OML/cmm/m/it --> OML/lmm/m/it on input line 23.
LaTeX Font Info:    Overwriting symbol font `symbols' in version `normal'
(Font)                  OMS/cmsy/m/n --> OMS/lmsy/m/n on input line 24.
LaTeX Font Info:    Overwriting symbol font `largesymbols' in version `normal'
(Font)                  OMX/cmex/m/n --> OMX/lmex/m/n on input line 25.
LaTeX Font Info:    Overwriting symbol font `operators' in version `bold'
(Font)                  OT1/cmr/bx/n --> OT1/lmr/bx/n on input line 26.
LaTeX Font Info:    Overwriting symbol font `letters' in version `bold'
(Font)                  OML/cmm/b/it --> OML/lmm/b/it on input line 27.
LaTeX Font Info:    Overwriting symbol font `symbols' in version `bold'
(Font)                  OMS/cmsy/b/n --> OMS/lmsy/b/n on input line 28.
LaTeX Font Info:    Overwriting symbol font `largesymbols' in version `bold'
(Font)                  OMX/cmex/m/n --> OMX/lmex/m/n on input line 29.
LaTeX Font Info:    Overwriting math alphabet `\mathbf' in version `normal'
(Font)                  OT1/cmr/bx/n --> OT1/lmr/bx/n on input line 31.
LaTeX Font Info:    Overwriting math alphabet `\mathsf' in version `normal'
(Font)                  OT1/cmss/m/n --> OT1/lmss/m/n on input line 32.
LaTeX Font Info:    Overwriting math alphabet `\mathit' in version `normal'
(Font)                  OT1/cmr/m/it --> OT1/lmr/m/it on input line 33.
LaTeX Font Info:    Overwriting math alphabet `\mathtt' in version `normal'
(Font)                  OT1/cmtt/m/n --> OT1/lmtt/m/n on input line 34.
LaTeX Font Info:    Overwriting math alphabet `\mathbf' in version `bold'
(Font)                  OT1/cmr/bx/n --> OT1/lmr/bx/n on input line 35.
LaTeX Font Info:    Overwriting math alphabet `\mathsf' in version `bold'
(Font)                  OT1/cmss/bx/n --> OT1/lmss/bx/n on input line 36.
LaTeX Font Info:    Overwriting math alphabet `\mathit' in version `bold'
(Font)                  OT1/cmr/bx/it --> OT1/lmr/bx/it on input line 37.
LaTeX Font Info:    Overwriting math alphabet `\mathtt' in version `bold'
(Font)                  OT1/cmtt/m/n --> OT1/lmtt/m/n on input line 38.
)
(/Users/nicolesorhagen/Library/TinyTeX/texmf-dist/tex/latex/amsfonts/amssymb.st
y
Package: amssymb 2013/01/14 v3.01 AMS font symbols

(/Users/nicolesorhagen/Library/TinyTeX/texmf-dist/tex/latex/amsfonts/amsfonts.s
ty
Package: amsfonts 2013/01/14 v3.01 Basic AMSFonts support
\@emptytoks=\toks15
\symAMSa=\mathgroup4
\symAMSb=\mathgroup5
LaTeX Font Info:    Redeclaring math symbol \hbar on input line 98.
LaTeX Font Info:    Overwriting math alphabet `\mathfrak' in version `bold'
(Font)                  U/euf/m/n --> U/euf/b/n on input line 106.
))
(/Users/nicolesorhagen/Library/TinyTeX/texmf-dist/tex/latex/amsmath/amsmath.sty
Package: amsmath 2020/01/20 v2.17e AMS math features
\@mathmargin=\skip49
For additional information on amsmath, use the `?' option.

(/Users/nicolesorhagen/Library/TinyTeX/texmf-dist/tex/latex/amsmath/amstext.sty
Package: amstext 2000/06/29 v2.01 AMS text
(/Users/nicolesorhagen/Library/TinyTeX/texmf-dist/tex/latex/amsmath/amsgen.sty
File: amsgen.sty 1999/11/30 v2.0 generic functions
\@emptytoks=\toks16
\ex@=\dimen135
)) (/Users/nicolesorhagen/Library/TinyTeX/texmf-dist/tex/latex/amsmath/amsbsy.s
ty
Package: amsbsy 1999/11/29 v1.2d Bold Symbols
\pmbraise@=\dimen136
) (/Users/nicolesorhagen/Library/TinyTeX/texmf-dist/tex/latex/amsmath/amsopn.st
y
Package: amsopn 2016/03/08 v2.02 operator names
)
\inf@bad=\count176
LaTeX Info: Redefining \frac on input line 227.
\uproot@=\count177
\leftroot@=\count178
LaTeX Info: Redefining \overline on input line 389.
\classnum@=\count179
\DOTSCASE@=\count180
LaTeX Info: Redefining \ldots on input line 486.
LaTeX Info: Redefining \dots on input line 489.
LaTeX Info: Redefining \cdots on input line 610.
\Mathstrutbox@=\box45
\strutbox@=\box46
\big@size=\dimen137
LaTeX Font Info:    Redeclaring font encoding OML on input line 733.
LaTeX Font Info:    Redeclaring font encoding OMS on input line 734.
\macc@depth=\count181
\c@MaxMatrixCols=\count182
\dotsspace@=\muskip16
\c@parentequation=\count183
\dspbrk@lvl=\count184
\tag@help=\toks17
\row@=\count185
\column@=\count186
\maxfields@=\count187
\andhelp@=\toks18
\eqnshift@=\dimen138
\alignsep@=\dimen139
\tagshift@=\dimen140
\tagwidth@=\dimen141
\totwidth@=\dimen142
\lineht@=\dimen143
\@envbody=\toks19
\multlinegap=\skip50
\multlinetaggap=\skip51
\mathdisplay@stack=\toks20
LaTeX Info: Redefining \[ on input line 2859.
LaTeX Info: Redefining \] on input line 2860.
)
(/Users/nicolesorhagen/Library/TinyTeX/texmf-dist/tex/generic/iftex/ifxetex.sty
Package: ifxetex 2019/10/25 v0.7 ifxetex legacy package. Use iftex instead.
(/Users/nicolesorhagen/Library/TinyTeX/texmf-dist/tex/generic/iftex/iftex.sty
Package: iftex 2020/03/06 v1.0d TeX engine tests
))
(/Users/nicolesorhagen/Library/TinyTeX/texmf-dist/tex/generic/iftex/ifluatex.st
y
Package: ifluatex 2019/10/25 v1.5 ifluatex legacy package. Use iftex instead.
) (/Users/nicolesorhagen/Library/TinyTeX/texmf-dist/tex/latex/base/fixltx2e.sty
Package: fixltx2e 2016/12/29 v2.1a fixes to LaTeX (obsolete)
Applying: [2015/01/01] Old fixltx2e package on input line 46.

Package fixltx2e Warning: fixltx2e is not required with releases after 2015
(fixltx2e)                All fixes are now in the LaTeX kernel.
(fixltx2e)                See the latexrelease package for details.

Already applied: [0000/00/00] Old fixltx2e package on input line 53.
) (/Users/nicolesorhagen/Library/TinyTeX/texmf-dist/tex/latex/base/fontenc.sty
Package: fontenc 2020/02/11 v2.0o Standard LaTeX package
LaTeX Font Info:    Trying to load font information for T1+lmr on input line 11
2.
(/Users/nicolesorhagen/Library/TinyTeX/texmf-dist/tex/latex/lm/t1lmr.fd
File: t1lmr.fd 2009/10/30 v1.6 Font defs for Latin Modern
)) (/Users/nicolesorhagen/Library/TinyTeX/texmf-dist/tex/latex/base/inputenc.st
y
Package: inputenc 2018/08/11 v1.3c Input encoding file
\inpenc@prehook=\toks21
\inpenc@posthook=\toks22
) (/Users/nicolesorhagen/Library/TinyTeX/texmf-dist/tex/latex/base/textcomp.sty
Package: textcomp 2020/02/02 v2.0n Standard LaTeX package
)
(/Users/nicolesorhagen/Library/TinyTeX/texmf-dist/tex/latex/upquote/upquote.sty
Package: upquote 2012/04/19 v1.3 upright-quote and grave-accent glyphs in verba
tim
)
(/Users/nicolesorhagen/Library/TinyTeX/texmf-dist/tex/latex/hyperref/hyperref.s
ty
Package: hyperref 2020/01/14 v7.00d Hypertext links for LaTeX

(/Users/nicolesorhagen/Library/TinyTeX/texmf-dist/tex/generic/ltxcmds/ltxcmds.s
ty
Package: ltxcmds 2019/12/15 v1.24 LaTeX kernel commands for general use (HO)
)
(/Users/nicolesorhagen/Library/TinyTeX/texmf-dist/tex/latex/pdftexcmds/pdftexcm
ds.sty
Package: pdftexcmds 2019/11/24 v0.31 Utility functions of pdfTeX for LuaTeX (HO
)

(/Users/nicolesorhagen/Library/TinyTeX/texmf-dist/tex/generic/infwarerr/infware
rr.sty
Package: infwarerr 2019/12/03 v1.5 Providing info/warning/error messages (HO)
)
Package pdftexcmds Info: \pdf@primitive is available.
Package pdftexcmds Info: \pdf@ifprimitive is available.
Package pdftexcmds Info: \pdfdraftmode found.
)
(/Users/nicolesorhagen/Library/TinyTeX/texmf-dist/tex/latex/graphics/keyval.sty
Package: keyval 2014/10/28 v1.15 key=value parser (DPC)
\KV@toks@=\toks23
)
(/Users/nicolesorhagen/Library/TinyTeX/texmf-dist/tex/generic/kvsetkeys/kvsetke
ys.sty
Package: kvsetkeys 2019/12/15 v1.18 Key value parser (HO)
)
(/Users/nicolesorhagen/Library/TinyTeX/texmf-dist/tex/generic/kvdefinekeys/kvde
finekeys.sty
Package: kvdefinekeys 2019-12-19 v1.6 Define keys (HO)
)
(/Users/nicolesorhagen/Library/TinyTeX/texmf-dist/tex/generic/pdfescape/pdfesca
pe.sty
Package: pdfescape 2019/12/09 v1.15 Implements pdfTeX's escape features (HO)
)
(/Users/nicolesorhagen/Library/TinyTeX/texmf-dist/tex/latex/hycolor/hycolor.sty
Package: hycolor 2020-01-27 v1.10 Color options for hyperref/bookmark (HO)
)
(/Users/nicolesorhagen/Library/TinyTeX/texmf-dist/tex/latex/letltxmacro/letltxm
acro.sty
Package: letltxmacro 2019/12/03 v1.6 Let assignment for LaTeX macros (HO)
)
(/Users/nicolesorhagen/Library/TinyTeX/texmf-dist/tex/latex/auxhook/auxhook.sty
Package: auxhook 2019-12-17 v1.6 Hooks for auxiliary files (HO)
)
(/Users/nicolesorhagen/Library/TinyTeX/texmf-dist/tex/latex/kvoptions/kvoptions
.sty
Package: kvoptions 2019/11/29 v3.13 Key value format for package options (HO)
)
\@linkdim=\dimen144
\Hy@linkcounter=\count188
\Hy@pagecounter=\count189

(/Users/nicolesorhagen/Library/TinyTeX/texmf-dist/tex/latex/hyperref/pd1enc.def
File: pd1enc.def 2020/01/14 v7.00d Hyperref: PDFDocEncoding definition (HO)
Now handling font encoding PD1 ...
... no UTF-8 mapping file for font encoding PD1
)
(/Users/nicolesorhagen/Library/TinyTeX/texmf-dist/tex/generic/intcalc/intcalc.s
ty
Package: intcalc 2019/12/15 v1.3 Expandable calculations with integers (HO)
)
(/Users/nicolesorhagen/Library/TinyTeX/texmf-dist/tex/generic/etexcmds/etexcmds
.sty
Package: etexcmds 2019/12/15 v1.7 Avoid name clashes with e-TeX commands (HO)
)
\Hy@SavedSpaceFactor=\count190
Package hyperref Info: Option `unicode' set `true' on input line 4421.
(/Users/nicolesorhagen/Library/TinyTeX/texmf-dist/tex/latex/hyperref/puenc.def
File: puenc.def 2020/01/14 v7.00d Hyperref: PDF Unicode definition (HO)
Now handling font encoding PU ...
... no UTF-8 mapping file for font encoding PU
)
Package hyperref Info: Hyper figures OFF on input line 4547.
Package hyperref Info: Link nesting OFF on input line 4552.
Package hyperref Info: Hyper index ON on input line 4555.
Package hyperref Info: Plain pages OFF on input line 4562.
Package hyperref Info: Backreferencing OFF on input line 4567.
Package hyperref Info: Implicit mode ON; LaTeX internals redefined.
Package hyperref Info: Bookmarks ON on input line 4800.
\c@Hy@tempcnt=\count191
(/Users/nicolesorhagen/Library/TinyTeX/texmf-dist/tex/latex/url/url.sty
\Urlmuskip=\muskip17
Package: url 2013/09/16  ver 3.4  Verb mode for urls, etc.
)
LaTeX Info: Redefining \url on input line 5159.
\XeTeXLinkMargin=\dimen145

(/Users/nicolesorhagen/Library/TinyTeX/texmf-dist/tex/generic/bitset/bitset.sty
Package: bitset 2019/12/09 v1.3 Handle bit-vector datatype (HO)

(/Users/nicolesorhagen/Library/TinyTeX/texmf-dist/tex/generic/bigintcalc/bigint
calc.sty
Package: bigintcalc 2019/12/15 v1.5 Expandable calculations on big integers (HO
)
))
\Fld@menulength=\count192
\Field@Width=\dimen146
\Fld@charsize=\dimen147
Package hyperref Info: Hyper figures OFF on input line 6430.
Package hyperref Info: Link nesting OFF on input line 6435.
Package hyperref Info: Hyper index ON on input line 6438.
Package hyperref Info: backreferencing OFF on input line 6445.
Package hyperref Info: Link coloring OFF on input line 6450.
Package hyperref Info: Link coloring with OCG OFF on input line 6455.
Package hyperref Info: PDF/A mode OFF on input line 6460.
LaTeX Info: Redefining \ref on input line 6500.
LaTeX Info: Redefining \pageref on input line 6504.

(/Users/nicolesorhagen/Library/TinyTeX/texmf-dist/tex/generic/atbegshi/atbegshi
.sty
Package: atbegshi 2019/12/05 v1.19 At begin shipout hook (HO)
)
\Hy@abspage=\count193
\c@Item=\count194
\c@Hfootnote=\count195
)
Package hyperref Info: Driver (autodetected): hpdftex.

(/Users/nicolesorhagen/Library/TinyTeX/texmf-dist/tex/latex/hyperref/hpdftex.de
f
File: hpdftex.def 2020/01/14 v7.00d Hyperref driver for pdfTeX

(/Users/nicolesorhagen/Library/TinyTeX/texmf-dist/tex/latex/atveryend/atveryend
.sty
Package: atveryend 2019-12-11 v1.11 Hooks at the very end of document (HO)
Package atveryend Info: \enddocument detected (standard20110627).
)
\Fld@listcount=\count196
\c@bookmark@seq@number=\count197

(/Users/nicolesorhagen/Library/TinyTeX/texmf-dist/tex/latex/rerunfilecheck/reru
nfilecheck.sty
Package: rerunfilecheck 2019/12/05 v1.9 Rerun checks for auxiliary files (HO)

(/Users/nicolesorhagen/Library/TinyTeX/texmf-dist/tex/generic/uniquecounter/uni
quecounter.sty
Package: uniquecounter 2019/12/15 v1.4 Provide unlimited unique counter (HO)
)
Package uniquecounter Info: New unique counter `rerunfilecheck' on input line 2
86.
)
\Hy@SectionHShift=\skip52
)
Package hyperref Info: Option `breaklinks' set `true' on input line 35.
(/Users/nicolesorhagen/Library/TinyTeX/texmf-dist/tex/latex/graphics/color.sty
Package: color 2019/11/23 v1.2a Standard LaTeX Color (DPC)

(/Users/nicolesorhagen/Library/TinyTeX/texmf-dist/tex/latex/graphics-cfg/color.
cfg
File: color.cfg 2016/01/02 v1.6 sample color configuration
)
Package color Info: Driver file: pdftex.def on input line 147.

(/Users/nicolesorhagen/Library/TinyTeX/texmf-dist/tex/latex/graphics-def/pdftex
.def
File: pdftex.def 2018/01/08 v1.0l Graphics/color driver for pdftex
))
(/Users/nicolesorhagen/Library/TinyTeX/texmf-dist/tex/latex/fancyvrb/fancyvrb.s
ty
Package: fancyvrb 2020/05/03 v3.6 verbatim text (tvz,hv)
\FV@CodeLineNo=\count198
\FV@InFile=\read2
\FV@TabBox=\box47
\c@FancyVerbLine=\count199
\FV@StepNumber=\count266
\FV@OutFile=\write3
) (/Users/nicolesorhagen/Library/TinyTeX/texmf-dist/tex/latex/framed/framed.sty
Package: framed 2011/10/22 v 0.96: framed or shaded text with page breaks
\OuterFrameSep=\skip53
\fb@frw=\dimen148
\fb@frh=\dimen149
\FrameRule=\dimen150
\FrameSep=\dimen151
)
(/Users/nicolesorhagen/Library/TinyTeX/texmf-dist/tex/latex/tools/longtable.sty
Package: longtable 2020/01/07 v4.13 Multi-page Table package (DPC)
\LTleft=\skip54
\LTright=\skip55
\LTpre=\skip56
\LTpost=\skip57
\LTchunksize=\count267
\LTcapwidth=\dimen152
\LT@head=\box48
\LT@firsthead=\box49
\LT@foot=\box50
\LT@lastfoot=\box51
\LT@cols=\count268
\LT@rows=\count269
\c@LT@tables=\count270
\c@LT@chunks=\count271
\LT@p@ftn=\toks24
)
(/Users/nicolesorhagen/Library/TinyTeX/texmf-dist/tex/latex/booktabs/booktabs.s
ty
Package: booktabs 2020/01/12 v1.61803398 Publication quality tables
\heavyrulewidth=\dimen153
\lightrulewidth=\dimen154
\cmidrulewidth=\dimen155
\belowrulesep=\dimen156
\belowbottomsep=\dimen157
\aboverulesep=\dimen158
\abovetopsep=\dimen159
\cmidrulesep=\dimen160
\cmidrulekern=\dimen161
\defaultaddspace=\dimen162
\@cmidla=\count272
\@cmidlb=\count273
\@aboverulesep=\dimen163
\@belowrulesep=\dimen164
\@thisruleclass=\count274
\@lastruleclass=\count275
\@thisrulewidth=\dimen165
)
(/Users/nicolesorhagen/Library/TinyTeX/texmf-dist/tex/latex/graphics/graphicx.s
ty
Package: graphicx 2019/11/30 v1.2a Enhanced LaTeX Graphics (DPC,SPQR)

(/Users/nicolesorhagen/Library/TinyTeX/texmf-dist/tex/latex/graphics/graphics.s
ty
Package: graphics 2019/11/30 v1.4a Standard LaTeX Graphics (DPC,SPQR)
(/Users/nicolesorhagen/Library/TinyTeX/texmf-dist/tex/latex/graphics/trig.sty
Package: trig 2016/01/03 v1.10 sin cos tan (DPC)
)
(/Users/nicolesorhagen/Library/TinyTeX/texmf-dist/tex/latex/graphics-cfg/graphi
cs.cfg
File: graphics.cfg 2016/06/04 v1.11 sample graphics configuration
)
Package graphics Info: Driver file: pdftex.def on input line 105.
)
\Gin@req@height=\dimen166
\Gin@req@width=\dimen167
)
(/Users/nicolesorhagen/Library/TinyTeX/texmf-dist/tex/latex/grffile/grffile.sty
Package: grffile 2019/11/11 v2.1 Extended file name support for graphics (legac
y)
Package grffile Info: This package is an empty stub for compatibility on input 
line 40.
) (/Users/nicolesorhagen/Library/TinyTeX/texmf-dist/tex/latex/amscls/amsthm.sty
Package: amsthm 2017/10/31 v2.20.4
\thm@style=\toks25
\thm@bodyfont=\toks26
\thm@headfont=\toks27
\thm@notefont=\toks28
\thm@headpunct=\toks29
\thm@preskip=\skip58
\thm@postskip=\skip59
\thm@headsep=\skip60
\dth@everypar=\toks30
) (/Users/nicolesorhagen/Library/TinyTeX/texmf-dist/tex/latex/natbib/natbib.sty
Package: natbib 2010/09/13 8.31b (PWD, AO)
\bibhang=\skip61
\bibsep=\skip62
LaTeX Info: Redefining \cite on input line 694.
\c@NAT@ctr=\count276
)
(/Users/nicolesorhagen/Library/TinyTeX/texmf-dist/tex/latex/l3backend/l3backend
-pdfmode.def
File: l3backend-pdfmode.def 2020-05-05 L3 backend support: PDF mode
\l__kernel_color_stack_int=\count277
\l__pdf_internal_box=\box52
) (./gitbook-demo.aux)
\openout1 = `gitbook-demo.aux'.

LaTeX Font Info:    Checking defaults for OML/cmm/m/it on input line 123.
LaTeX Font Info:    ... okay on input line 123.
LaTeX Font Info:    Checking defaults for OMS/cmsy/m/n on input line 123.
LaTeX Font Info:    ... okay on input line 123.
LaTeX Font Info:    Checking defaults for OT1/cmr/m/n on input line 123.
LaTeX Font Info:    ... okay on input line 123.
LaTeX Font Info:    Checking defaults for T1/cmr/m/n on input line 123.
LaTeX Font Info:    ... okay on input line 123.
LaTeX Font Info:    Checking defaults for TS1/cmr/m/n on input line 123.
LaTeX Font Info:    ... okay on input line 123.
LaTeX Font Info:    Checking defaults for OMX/cmex/m/n on input line 123.
LaTeX Font Info:    ... okay on input line 123.
LaTeX Font Info:    Checking defaults for U/cmr/m/n on input line 123.
LaTeX Font Info:    ... okay on input line 123.
LaTeX Font Info:    Checking defaults for PD1/pdf/m/n on input line 123.
LaTeX Font Info:    ... okay on input line 123.
LaTeX Font Info:    Checking defaults for PU/pdf/m/n on input line 123.
LaTeX Font Info:    ... okay on input line 123.
\AtBeginShipoutBox=\box53
Package hyperref Info: Link coloring OFF on input line 123.

(/Users/nicolesorhagen/Library/TinyTeX/texmf-dist/tex/latex/hyperref/nameref.st
y
Package: nameref 2019/09/16 v2.46 Cross-referencing by name of section

(/Users/nicolesorhagen/Library/TinyTeX/texmf-dist/tex/latex/refcount/refcount.s
ty
Package: refcount 2019/12/15 v3.6 Data extraction from label references (HO)
)
(/Users/nicolesorhagen/Library/TinyTeX/texmf-dist/tex/generic/gettitlestring/ge
ttitlestring.sty
Package: gettitlestring 2019/12/15 v1.6 Cleanup title references (HO)
)
\c@section@level=\count278
)
LaTeX Info: Redefining \ref on input line 123.
LaTeX Info: Redefining \pageref on input line 123.
LaTeX Info: Redefining \nameref on input line 123.
(./gitbook-demo.out) (./gitbook-demo.out)
\@outlinefile=\write4
\openout4 = `gitbook-demo.out'.


(/Users/nicolesorhagen/Library/TinyTeX/texmf-dist/tex/latex/epstopdf-pkg/epstop
df-base.sty
Package: epstopdf-base 2020-01-24 v2.11 Base part for package epstopdf
Package epstopdf-base Info: Redefining graphics rule for `.eps' on input line 4
85.

(/Users/nicolesorhagen/Library/TinyTeX/texmf-dist/tex/latex/latexconfig/epstopd
f-sys.cfg
File: epstopdf-sys.cfg 2010/07/13 v1.3 Configuration of (r)epstopdf for TeX Liv
e
))
LaTeX Font Info:    Trying to load font information for OT1+lmr on input line 1
25.
(/Users/nicolesorhagen/Library/TinyTeX/texmf-dist/tex/latex/lm/ot1lmr.fd
File: ot1lmr.fd 2009/10/30 v1.6 Font defs for Latin Modern
)
LaTeX Font Info:    Trying to load font information for OML+lmm on input line 1
25.
(/Users/nicolesorhagen/Library/TinyTeX/texmf-dist/tex/latex/lm/omllmm.fd
File: omllmm.fd 2009/10/30 v1.6 Font defs for Latin Modern
)
LaTeX Font Info:    Trying to load font information for OMS+lmsy on input line 
125.
(/Users/nicolesorhagen/Library/TinyTeX/texmf-dist/tex/latex/lm/omslmsy.fd
File: omslmsy.fd 2009/10/30 v1.6 Font defs for Latin Modern
)
LaTeX Font Info:    Trying to load font information for OMX+lmex on input line 
125.
(/Users/nicolesorhagen/Library/TinyTeX/texmf-dist/tex/latex/lm/omxlmex.fd
File: omxlmex.fd 2009/10/30 v1.6 Font defs for Latin Modern
)
LaTeX Font Info:    External font `lmex10' loaded for size
(Font)              <12> on input line 125.
LaTeX Font Info:    External font `lmex10' loaded for size
(Font)              <8> on input line 125.
LaTeX Font Info:    External font `lmex10' loaded for size
(Font)              <6> on input line 125.
LaTeX Font Info:    Trying to load font information for U+msa on input line 125
.
(/Users/nicolesorhagen/Library/TinyTeX/texmf-dist/tex/latex/amsfonts/umsa.fd
File: umsa.fd 2013/01/14 v3.01 AMS symbols A
)
LaTeX Font Info:    Trying to load font information for U+msb on input line 125
.
(/Users/nicolesorhagen/Library/TinyTeX/texmf-dist/tex/latex/amsfonts/umsb.fd
File: umsb.fd 2013/01/14 v3.01 AMS symbols B
) [1


{/Users/nicolesorhagen/Library/TinyTeX/texmf-var/fonts/map/pdftex/updmap/pdftex
.map}] [2

] (./gitbook-demo.toc
LaTeX Font Info:    External font `lmex10' loaded for size
(Font)              <10> on input line 2.
LaTeX Font Info:    External font `lmex10' loaded for size
(Font)              <7> on input line 2.
LaTeX Font Info:    External font `lmex10' loaded for size
(Font)              <5> on input line 2.
)
\tf@toc=\write5
\openout5 = `gitbook-demo.toc'.

[3] [4

]
Chapter 1.
<./img/using_gitbook.jpeg, id=120, 505.89pt x 337.26pt>
File: ./img/using_gitbook.jpeg Graphic file (type jpg)
<use ./img/using_gitbook.jpeg>
Package pdftex.def Info: ./img/using_gitbook.jpeg  used on input line 133.
(pdftex.def)             Requested size: 345.00414pt x 230.00276pt.
LaTeX Font Info:    Trying to load font information for T1+lmtt on input line 1
37.
(/Users/nicolesorhagen/Library/TinyTeX/texmf-dist/tex/latex/lm/t1lmtt.fd
File: t1lmtt.fd 2009/10/30 v1.6 Font defs for Latin Modern
)

LaTeX Warning: Reference `prerequisites' on page 5 undefined on input line 137.


[5 <./img/using_gitbook.jpeg>] [6]

LaTeX Warning: Reference `prerequisites' on page 7 undefined on input line 160.


[7] [8

]
Chapter 2.
<./img/settings.png, id=153, 740.0147pt x 120.45pt>
File: ./img/settings.png Graphic file (type png)
<use ./img/settings.png>
Package pdftex.def Info: ./img/settings.png  used on input line 183.
(pdftex.def)             Requested size: 319.9955pt x 52.0847pt.
<./img/new_repo.png, id=154, 193.47281pt x 232.61906pt>
File: ./img/new_repo.png Graphic file (type png)
<use ./img/new_repo.png>
Package pdftex.def Info: ./img/new_repo.png  used on input line 188.
(pdftex.def)             Requested size: 193.47528pt x 232.62202pt.

Underfull \vbox (badness 10000) has occurred while \output is active []

[9 <./img/settings.png>]
<./img/from_template.png, id=164, 532.23843pt x 448.67625pt>
File: ./img/from_template.png Graphic file (type png)
<use ./img/from_template.png>
Package pdftex.def Info: ./img/from_template.png  used on input line 191.
(pdftex.def)             Requested size: 320.00334pt x 269.76237pt.
<./img/new_project.png, id=165, 444.91219pt x 315.42844pt>
File: ./img/new_project.png Graphic file (type png)
<use ./img/new_project.png>
Package pdftex.def Info: ./img/new_project.png  used on input line 194.
(pdftex.def)             Requested size: 319.99707pt x 226.86765pt.

Underfull \vbox (badness 10000) has occurred while \output is active []

[10 <./img/new_repo.png> <./img/from_template.png>]
<./img/new_git_project.png, id=171, 444.91219pt x 314.67563pt>
File: ./img/new_git_project.png Graphic file (type png)
<use ./img/new_git_project.png>
Package pdftex.def Info: ./img/new_git_project.png  used on input line 197.
(pdftex.def)             Requested size: 319.99707pt x 226.32619pt.
<./img/files_editor.png, id=172, 663.22781pt x 188.95593pt>
File: ./img/files_editor.png Graphic file (type png)
<use ./img/files_editor.png>
Package pdftex.def Info: ./img/files_editor.png  used on input line 200.
(pdftex.def)             Requested size: 319.9953pt x 91.16777pt.

Underfull \vbox (badness 10000) has occurred while \output is active []

[11 <./img/new_project.png> <./img/new_git_project.png>]
<./img/commit_push.png, id=180, 754.31813pt x 459.96844pt>
File: ./img/commit_push.png Graphic file (type png)
<use ./img/commit_push.png>
Package pdftex.def Info: ./img/commit_push.png  used on input line 203.
(pdftex.def)             Requested size: 319.99971pt x 195.12956pt.
<./img/build_book.png, id=181, 661.72218pt x 274.02374pt>
File: ./img/build_book.png Graphic file (type png)
<use ./img/build_book.png>
Package pdftex.def Info: ./img/build_book.png  used on input line 206.
(pdftex.def)             Requested size: 319.99585pt x 132.5125pt.

Underfull \vbox (badness 10000) has occurred while \output is active []

[12 <./img/files_editor.png> <./img/commit_push.png>]
File: ./img/settings.png Graphic file (type png)
<use ./img/settings.png>
Package pdftex.def Info: ./img/settings.png  used on input line 211.
(pdftex.def)             Requested size: 319.9955pt x 52.0847pt.
<./img/pages_published.png, id=188, 552.56438pt x 183.68625pt>
File: ./img/pages_published.png Graphic file (type png)
<use ./img/pages_published.png>
Package pdftex.def Info: ./img/pages_published.png  used on input line 214.
(pdftex.def)             Requested size: 319.99854pt x 106.37552pt.
[13 <./img/build_book.png> <./img/pages_published.png>] [14

]
Chapter 3.
LaTeX Font Info:    Font shape `T1/lmtt/bx/n' in size <10> not available
(Font)              Font shape `T1/lmtt/b/n' tried instead on input line 243.
[15]
Overfull \hbox (10.56853pt too wide) in paragraph at lines 248--258
[]\T1/lmr/m/n/10 rmd_files: [``in-dex.Rmd'', ``In-tro-duc-tion_to_R.Rmd'', ``ge
t_your_gitbook.Rmd'',
 []


Overfull \hbox (67.23032pt too wide) in paragraph at lines 248--258
\T1/lmr/m/n/10 ``edit-ing_the_book.Rmd'', ``fig-ures_tables.Rmd'', ``ex-am-ples
.Rmd'', ``open_educational.Rmd'',
 []

[16]
Chapter 4.
LaTeX Font Info:    Trying to load font information for TS1+lmtt on input line 
279.
(/Users/nicolesorhagen/Library/TinyTeX/texmf-dist/tex/latex/lm/ts1lmtt.fd
File: ts1lmtt.fd 2009/10/30 v1.6 Font defs for Latin Modern
)
<gitbook-demo_files/figure-latex/nice-fig-1.pdf, id=221, 464.73625pt x 351.3125
pt>
File: gitbook-demo_files/figure-latex/nice-fig-1.pdf Graphic file (type pdf)
<use gitbook-demo_files/figure-latex/nice-fig-1.pdf>
Package pdftex.def Info: gitbook-demo_files/figure-latex/nice-fig-1.pdf  used o
n input line 285.
(pdftex.def)             Requested size: 276.00737pt x 208.64488pt.
[17

 <./gitbook-demo_files/figure-latex/nice-fig-1.pdf>] [18]
Chapter 5.
[19

] [20]
Chapter 6.
LaTeX Font Info:    Trying to load font information for TS1+lmr on input line 3
85.
(/Users/nicolesorhagen/Library/TinyTeX/texmf-dist/tex/latex/lm/ts1lmr.fd
File: ts1lmr.fd 2009/10/30 v1.6 Font defs for Latin Modern
) [21

] [22

]
Chapter 7.
[23] [24

]
Chapter 8.
(./gitbook-demo.bbl [25] [26

])
Package atveryend Info: Empty hook `BeforeClearDocument' on input line 434.
[27]
Package atveryend Info: Empty hook `AfterLastShipout' on input line 434.
(./gitbook-demo.aux)
Package atveryend Info: Executing hook `AtVeryEndDocument' on input line 434.
Package atveryend Info: Executing hook `AtEndAfterFileList' on input line 434.
Package rerunfilecheck Info: File `gitbook-demo.out' has not changed.
(rerunfilecheck)             Checksum: 1B8E774AFC78617E8E345D32A50DE5DA;3431.

LaTeX Warning: There were undefined references.

Package atveryend Info: Empty hook `AtVeryVeryEnd' on input line 434.
 ) 
Here is how much of TeX's memory you used:
 10869 strings out of 482604
 158159 string characters out of 5950492
 390220 words of memory out of 5000000
 26146 multiletter control sequences out of 15000+600000
 595246 words of font info for 71 fonts, out of 8000000 for 9000
 14 hyphenation exceptions out of 8191
 34i,8n,33p,860b,412s stack positions out of 5000i,500n,10000p,200000b,80000s
{/Users/nicolesorhagen/Library/TinyTeX/texmf-dist/fonts/enc/dvips/lm/lm-ts1.e
nc}{/Users/nicolesorhagen/Library/TinyTeX/texmf-dist/fonts/enc/dvips/lm/lm-ec.e
nc}{/Users/nicolesorhagen/Library/TinyTeX/texmf-dist/fonts/enc/dvips/lm/lm-rm.e
nc}{/Users/nicolesorhagen/Library/TinyTeX/texmf-dist/fonts/enc/dvips/lm/lm-math
it.enc}</Users/nicolesorhagen/Library/TinyTeX/texmf-dist/fonts/type1/public/lm/
lmbx10.pfb></Users/nicolesorhagen/Library/TinyTeX/texmf-dist/fonts/type1/public
/lm/lmbx12.pfb></Users/nicolesorhagen/Library/TinyTeX/texmf-dist/fonts/type1/pu
blic/lm/lmmi10.pfb></Users/nicolesorhagen/Library/TinyTeX/texmf-dist/fonts/type
1/public/lm/lmr10.pfb></Users/nicolesorhagen/Library/TinyTeX/texmf-dist/fonts/t
ype1/public/lm/lmr12.pfb></Users/nicolesorhagen/Library/TinyTeX/texmf-dist/font
s/type1/public/lm/lmr17.pfb></Users/nicolesorhagen/Library/TinyTeX/texmf-dist/f
onts/type1/public/lm/lmr7.pfb></Users/nicolesorhagen/Library/TinyTeX/texmf-dist
/fonts/type1/public/lm/lmri10.pfb></Users/nicolesorhagen/Library/TinyTeX/texmf-
dist/fonts/type1/public/lm/lmro10.pfb></Users/nicolesorhagen/Library/TinyTeX/te
xmf-dist/fonts/type1/public/lm/lmtk10.pfb></Users/nicolesorhagen/Library/TinyTe
X/texmf-dist/fonts/type1/public/lm/lmtt10.pfb>
Output written on gitbook-demo.pdf (27 pages, 568442 bytes).
PDF statistics:
 392 PDF objects out of 1000 (max. 8388607)
 335 compressed objects within 4 object streams
 83 named destinations out of 1000 (max. 500000)
 200 words of extra memory for PDF output out of 10000 (max. 10000000)

